<?xml version="1.0" encoding="UTF-8"?>
<!-- Generated by org.testng.reporters.JUnitXMLReporter -->
<testsuite ignored="0" hostname="DESKTOP-GEA9L1T" failures="1" tests="1" name="Default test" time="36.806" errors="0" timestamp="2023-11-03T18:55:10 IST">
  <testcase classname="com.Chatgpt.Testcases.EntryPageTC" name="entryPage" time="30.242">
    <failure type="com.microsoft.playwright.TimeoutError" message="Error {
  message=&amp;apos;Timeout 30000ms exceeded.
=========================== logs ===========================
waiting for locator(&amp;quot;#email&amp;quot;)
============================================================
  name=&amp;apos;TimeoutError
  stack=&amp;apos;TimeoutError: Timeout 30000ms exceeded.
=========================== logs ===========================
waiting for locator(&amp;quot;#email&amp;quot;)
============================================================
    at ProgressController.run (C:\Users\SOFTSU~1\AppData\Local\Temp\playwright-java-14766782655542010081\package\lib\server\progress.js:88:26)
    at Frame.fill (C:\Users\SOFTSU~1\AppData\Local\Temp\playwright-java-14766782655542010081\package\lib\server\frames.js:1038:23)
    at FrameDispatcher.fill (C:\Users\SOFTSU~1\AppData\Local\Temp\playwright-java-14766782655542010081\package\lib\server\dispatchers\frameDispatcher.js:166:30)
    at DispatcherConnection.dispatch (C:\Users\SOFTSU~1\AppData\Local\Temp\playwright-java-14766782655542010081\package\lib\server\dispatchers\dispatcher.js:313:46)
}">
      <![CDATA[com.microsoft.playwright.TimeoutError: Error {
  message='Timeout 30000ms exceeded.
=========================== logs ===========================
waiting for locator("#email")
============================================================
  name='TimeoutError
  stack='TimeoutError: Timeout 30000ms exceeded.
=========================== logs ===========================
waiting for locator("#email")
============================================================
    at ProgressController.run (C:\Users\SOFTSU~1\AppData\Local\Temp\playwright-java-14766782655542010081\package\lib\server\progress.js:88:26)
    at Frame.fill (C:\Users\SOFTSU~1\AppData\Local\Temp\playwright-java-14766782655542010081\package\lib\server\frames.js:1038:23)
    at FrameDispatcher.fill (C:\Users\SOFTSU~1\AppData\Local\Temp\playwright-java-14766782655542010081\package\lib\server\dispatchers\frameDispatcher.js:166:30)
    at DispatcherConnection.dispatch (C:\Users\SOFTSU~1\AppData\Local\Temp\playwright-java-14766782655542010081\package\lib\server\dispatchers\dispatcher.js:313:46)
}
at com.microsoft.playwright.impl.WaitableResult.get(WaitableResult.java:52)
at com.microsoft.playwright.impl.ChannelOwner.runUntil(ChannelOwner.java:111)
at com.microsoft.playwright.impl.Connection.sendMessage(Connection.java:126)
at com.microsoft.playwright.impl.ChannelOwner.sendMessage(ChannelOwner.java:102)
at com.microsoft.playwright.impl.FrameImpl.fillImpl(FrameImpl.java:335)
at com.microsoft.playwright.impl.FrameImpl.lambda$fill$14(FrameImpl.java:325)
at com.microsoft.playwright.impl.LoggingSupport.lambda$withLogging$0(LoggingSupport.java:36)
at com.microsoft.playwright.impl.LoggingSupport.withLogging(LoggingSupport.java:47)
at com.microsoft.playwright.impl.ChannelOwner.withLogging(ChannelOwner.java:87)
at com.microsoft.playwright.impl.LoggingSupport.withLogging(LoggingSupport.java:35)
at com.microsoft.playwright.impl.FrameImpl.fill(FrameImpl.java:325)
at com.microsoft.playwright.impl.LocatorImpl.fill(LocatorImpl.java:210)
at com.microsoft.playwright.Locator.fill(Locator.java:2885)
at baseplaywright.BaseClassPW.enterText(BaseClassPW.java:54)
at com.chatgpt.pages.ChatGptEntryPage.signinPage(ChatGptEntryPage.java:58)
at com.Chatgpt.Testcases.EntryPageTC.entryPage(EntryPageTC.java:20)
at java.base/jdk.internal.reflect.NativeMethodAccessorImpl.invoke0(Native Method)
at java.base/jdk.internal.reflect.NativeMethodAccessorImpl.invoke(NativeMethodAccessorImpl.java:77)
at java.base/jdk.internal.reflect.DelegatingMethodAccessorImpl.invoke(DelegatingMethodAccessorImpl.java:43)
at java.base/java.lang.reflect.Method.invoke(Method.java:568)
at org.testng.internal.MethodInvocationHelper.invokeMethod(MethodInvocationHelper.java:133)
at org.testng.internal.TestInvoker.invokeMethod(TestInvoker.java:598)
at org.testng.internal.TestInvoker.invokeTestMethod(TestInvoker.java:173)
at org.testng.internal.MethodRunner.runInSequence(MethodRunner.java:46)
at org.testng.internal.TestInvoker$MethodInvocationAgent.invoke(TestInvoker.java:824)
at org.testng.internal.TestInvoker.invokeTestMethods(TestInvoker.java:146)
at org.testng.internal.TestMethodWorker.invokeTestMethods(TestMethodWorker.java:146)
at org.testng.internal.TestMethodWorker.run(TestMethodWorker.java:128)
at java.base/java.util.ArrayList.forEach(ArrayList.java:1511)
at org.testng.TestRunner.privateRun(TestRunner.java:794)
at org.testng.TestRunner.run(TestRunner.java:596)
at org.testng.SuiteRunner.runTest(SuiteRunner.java:377)
at org.testng.SuiteRunner.runSequentially(SuiteRunner.java:371)
at org.testng.SuiteRunner.privateRun(SuiteRunner.java:332)
at org.testng.SuiteRunner.run(SuiteRunner.java:276)
at org.testng.SuiteRunnerWorker.runSuite(SuiteRunnerWorker.java:53)
at org.testng.SuiteRunnerWorker.run(SuiteRunnerWorker.java:96)
at org.testng.TestNG.runSuitesSequentially(TestNG.java:1212)
at org.testng.TestNG.runSuitesLocally(TestNG.java:1134)
at org.testng.TestNG.runSuites(TestNG.java:1063)
at org.testng.TestNG.run(TestNG.java:1031)
at org.testng.remote.AbstractRemoteTestNG.run(AbstractRemoteTestNG.java:115)
at org.testng.remote.RemoteTestNG.initAndRun(RemoteTestNG.java:251)
at org.testng.remote.RemoteTestNG.main(RemoteTestNG.java:77)
Caused by: com.microsoft.playwright.TimeoutError: Error {
  message='Timeout 30000ms exceeded.
=========================== logs ===========================
waiting for locator("#email")
============================================================
  name='TimeoutError
  stack='TimeoutError: Timeout 30000ms exceeded.
=========================== logs ===========================
waiting for locator("#email")
============================================================
    at ProgressController.run (C:\Users\SOFTSU~1\AppData\Local\Temp\playwright-java-14766782655542010081\package\lib\server\progress.js:88:26)
    at Frame.fill (C:\Users\SOFTSU~1\AppData\Local\Temp\playwright-java-14766782655542010081\package\lib\server\frames.js:1038:23)
    at FrameDispatcher.fill (C:\Users\SOFTSU~1\AppData\Local\Temp\playwright-java-14766782655542010081\package\lib\server\dispatchers\frameDispatcher.js:166:30)
    at DispatcherConnection.dispatch (C:\Users\SOFTSU~1\AppData\Local\Temp\playwright-java-14766782655542010081\package\lib\server\dispatchers\dispatcher.js:313:46)
}
at com.microsoft.playwright.impl.Connection.dispatch(Connection.java:224)
at com.microsoft.playwright.impl.Connection.processOneMessage(Connection.java:206)
at com.microsoft.playwright.impl.ChannelOwner.runUntil(ChannelOwner.java:109)
... 42 more
]]>
    </failure>
  </testcase> <!-- entryPage -->
</testsuite> <!-- Default test -->
