<?xml version="1.0" encoding="UTF-8"?>
<testng-results total="2" passed="2" failed="0" skipped="0">
  <reporter-output>
  </reporter-output>
  <suite started-at="2023-11-02T12:25:14Z" name="Surefire suite" finished-at="2023-11-02T12:25:48Z" duration-ms="33703">
    <groups>
    </groups>
    <test started-at="2023-11-02T12:25:14Z" name="Surefire test" finished-at="2023-11-02T12:25:48Z" duration-ms="33703">
      <class name="amazon.testcases.HomepageTest">
        <test-method is-config="true" signature="frontPage()[pri:0, instance:amazon.testcases.HomepageTest@6aeb35e6]" started-at="2023-11-02T17:55:14Z" name="frontPage" finished-at="2023-11-02T17:55:35Z" duration-ms="20609" status="PASS">
          <reporter-output>
          </reporter-output>
        </test-method> <!-- frontPage -->
        <test-method signature="TC1()[pri:0, instance:amazon.testcases.HomepageTest@6aeb35e6]" started-at="2023-11-02T17:55:35Z" name="TC1" finished-at="2023-11-02T17:55:38Z" duration-ms="3574" status="PASS">
          <reporter-output>
          </reporter-output>
        </test-method> <!-- TC1 -->
        <test-method is-config="true" signature="close()[pri:0, instance:amazon.testcases.HomepageTest@6aeb35e6]" started-at="2023-11-02T17:55:38Z" name="close" finished-at="2023-11-02T17:55:39Z" duration-ms="126" status="PASS">
          <reporter-output>
          </reporter-output>
        </test-method> <!-- close -->
        <test-method is-config="true" signature="frontPage()[pri:0, instance:amazon.testcases.HomepageTest@6aeb35e6]" started-at="2023-11-02T17:55:39Z" name="frontPage" finished-at="2023-11-02T17:55:42Z" duration-ms="3901" status="PASS">
          <reporter-output>
          </reporter-output>
        </test-method> <!-- frontPage -->
        <test-method signature="TC2()[pri:0, instance:amazon.testcases.HomepageTest@6aeb35e6]" started-at="2023-11-02T17:55:42Z" name="TC2" finished-at="2023-11-02T17:55:48Z" duration-ms="5309" status="PASS">
          <reporter-output>
          </reporter-output>
        </test-method> <!-- TC2 -->
        <test-method is-config="true" signature="close()[pri:0, instance:amazon.testcases.HomepageTest@6aeb35e6]" started-at="2023-11-02T17:55:48Z" name="close" finished-at="2023-11-02T17:55:48Z" duration-ms="165" status="PASS">
          <reporter-output>
          </reporter-output>
        </test-method> <!-- close -->
        <test-method is-config="true" signature="quit()[pri:0, instance:amazon.testcases.HomepageTest@6aeb35e6]" started-at="2023-11-02T17:55:48Z" name="quit" finished-at="2023-11-02T17:55:48Z" duration-ms="10" status="PASS">
          <reporter-output>
          </reporter-output>
        </test-method> <!-- quit -->
      </class> <!-- amazon.testcases.HomepageTest -->
    </test> <!-- Surefire test -->
  </suite> <!-- Surefire suite -->
</testng-results>
