<?xml version="1.0" encoding="UTF-8"?>
<testsuite xmlns:xsi="http://www.w3.org/2001/XMLSchema-instance" xsi:noNamespaceSchemaLocation="https://maven.apache.org/surefire/maven-surefire-plugin/xsd/surefire-test-report-3.0.xsd" version="3.0" name="amazon.testcases.HomepageTest" time="33.921" tests="2" errors="0" skipped="0" failures="0">
  <properties>
[...]
</properties>
  <testcase name="TC1" classname="amazon.testcases.HomepageTest" time="3.574"/>
  <testcase name="TC2" classname="amazon.testcases.HomepageTest" time="5.306">
    <system-out><![CDATA[1-16 of over 60,000 results for "oneplus earbuds"
]]></system-out>
  </testcase>
</testsuite>