<?xml version="1.0" encoding="UTF-8"?>
<testng-results total="2" passed="2" failed="0" skipped="0">
  <reporter-output>
  </reporter-output>
  <suite started-at="2023-10-31T07:21:53Z" name="Surefire suite" finished-at="2023-10-31T07:22:37Z" duration-ms="44304">
    <groups>
    </groups>
    <test started-at="2023-10-31T07:21:53Z" name="Surefire test" finished-at="2023-10-31T07:22:37Z" duration-ms="44304">
      <class name="amazon.testcases.HomepageTest">
        <test-method is-config="true" signature="frontPage()[pri:0, instance:amazon.testcases.HomepageTest@7181ae3f]" started-at="2023-10-31T12:51:53Z" name="frontPage" finished-at="2023-10-31T12:52:07Z" duration-ms="14726" status="PASS">
          <reporter-output>
          </reporter-output>
        </test-method> <!-- frontPage -->
        <test-method signature="TC1()[pri:0, instance:amazon.testcases.HomepageTest@7181ae3f]" started-at="2023-10-31T12:52:07Z" name="TC1" finished-at="2023-10-31T12:52:09Z" duration-ms="1183" status="PASS">
          <reporter-output>
          </reporter-output>
        </test-method> <!-- TC1 -->
        <test-method is-config="true" signature="close()[pri:0, instance:amazon.testcases.HomepageTest@7181ae3f]" started-at="2023-10-31T12:52:09Z" name="close" finished-at="2023-10-31T12:52:09Z" duration-ms="124" status="PASS">
          <reporter-output>
          </reporter-output>
        </test-method> <!-- close -->
        <test-method is-config="true" signature="frontPage()[pri:0, instance:amazon.testcases.HomepageTest@7181ae3f]" started-at="2023-10-31T12:52:09Z" name="frontPage" finished-at="2023-10-31T12:52:30Z" duration-ms="21109" status="PASS">
          <reporter-output>
          </reporter-output>
        </test-method> <!-- frontPage -->
        <test-method signature="TC2()[pri:0, instance:amazon.testcases.HomepageTest@7181ae3f]" started-at="2023-10-31T12:52:30Z" name="TC2" finished-at="2023-10-31T12:52:37Z" duration-ms="7001" status="PASS">
          <reporter-output>
          </reporter-output>
        </test-method> <!-- TC2 -->
        <test-method is-config="true" signature="close()[pri:0, instance:amazon.testcases.HomepageTest@7181ae3f]" started-at="2023-10-31T12:52:37Z" name="close" finished-at="2023-10-31T12:52:37Z" duration-ms="141" status="PASS">
          <reporter-output>
          </reporter-output>
        </test-method> <!-- close -->
        <test-method is-config="true" signature="quit()[pri:0, instance:amazon.testcases.HomepageTest@7181ae3f]" started-at="2023-10-31T12:52:37Z" name="quit" finished-at="2023-10-31T12:52:37Z" duration-ms="11" status="PASS">
          <reporter-output>
          </reporter-output>
        </test-method> <!-- quit -->
      </class> <!-- amazon.testcases.HomepageTest -->
    </test> <!-- Surefire test -->
  </suite> <!-- Surefire suite -->
</testng-results>
