<?xml version="1.0" encoding="UTF-8"?>
<testng-results ignored="0" total="2" passed="2" failed="0" skipped="0">
  <reporter-output>
  </reporter-output>
  <suite started-at="2023-10-18T15:04:46 IST" name="Default suite" finished-at="2023-10-18T15:05:30 IST" duration-ms="43984">
    <groups>
    </groups>
    <test started-at="2023-10-18T15:04:46 IST" name="Default test" finished-at="2023-10-18T15:05:30 IST" duration-ms="43984">
      <class name="amazon.testcases.HomepageTest">
        <test-method is-config="true" signature="frontPage()[pri:0, instance:amazon.testcases.HomepageTest@69e1dd28]" started-at="2023-10-18T15:04:46 IST" name="frontPage" finished-at="2023-10-18T15:05:09 IST" duration-ms="23013" status="PASS">
          <reporter-output>
          </reporter-output>
        </test-method> <!-- frontPage -->
        <test-method signature="TC1()[pri:0, instance:amazon.testcases.HomepageTest@69e1dd28]" started-at="2023-10-18T15:05:09 IST" name="TC1" finished-at="2023-10-18T15:05:11 IST" duration-ms="1727" status="PASS">
          <reporter-output>
          </reporter-output>
        </test-method> <!-- TC1 -->
        <test-method is-config="true" signature="frontPage()[pri:0, instance:amazon.testcases.HomepageTest@69e1dd28]" started-at="2023-10-18T15:05:11 IST" name="frontPage" finished-at="2023-10-18T15:05:25 IST" duration-ms="14290" status="PASS">
          <reporter-output>
          </reporter-output>
        </test-method> <!-- frontPage -->
        <test-method signature="TC2()[pri:0, instance:amazon.testcases.HomepageTest@69e1dd28]" started-at="2023-10-18T15:05:25 IST" name="TC2" finished-at="2023-10-18T15:05:30 IST" duration-ms="4550" status="PASS">
          <reporter-output>
          </reporter-output>
        </test-method> <!-- TC2 -->
        <test-method is-config="true" signature="close()[pri:0, instance:amazon.testcases.HomepageTest@69e1dd28]" started-at="2023-10-18T15:05:30 IST" name="close" finished-at="2023-10-18T15:05:30 IST" duration-ms="368" status="PASS">
          <reporter-output>
          </reporter-output>
        </test-method> <!-- close -->
      </class> <!-- amazon.testcases.HomepageTest -->
    </test> <!-- Default test -->
  </suite> <!-- Default suite -->
</testng-results>
